-------------------------------------------------------------------------------
Test set: SortingTest
-------------------------------------------------------------------------------
Tests run: 1, Failures: 1, Errors: 0, Skipped: 0, Time elapsed: 17.21 s <<< FAILURE! -- in SortingTest
SortingTest.testSortingPriceLowToHigh -- Time elapsed: 8.993 s <<< FAILURE!
org.opentest4j.AssertionFailedError: The prices are not sorted correctly! ==> expected: <[48.41, 14.24, 14.15, 13.41, 12.58, 12.01, 11.48, 11.14, 9.17]> but was: <[14.15, 12.01, 48.41, 14.24, 9.17, 13.41, 12.58, 11.48, 11.14]>
	at org.junit.jupiter.api.AssertionFailureBuilder.build(AssertionFailureBuilder.java:151)
	at org.junit.jupiter.api.AssertionFailureBuilder.buildAndThrow(AssertionFailureBuilder.java:132)
	at org.junit.jupiter.api.AssertEquals.failNotEqual(AssertEquals.java:197)
	at org.junit.jupiter.api.AssertEquals.assertEquals(AssertEquals.java:182)
	at org.junit.jupiter.api.Assertions.assertEquals(Assertions.java:1156)
	at SortingTest.testSortingPriceLowToHigh(SortingTest.java:55)
	at java.base/java.lang.reflect.Method.invoke(Method.java:565)
	at java.base/java.util.ArrayList.forEach(ArrayList.java:1604)
	at java.base/java.util.ArrayList.forEach(ArrayList.java:1604)

